0 info it worked if it ends with ok
1 verbose cli [ '/usr/bin/node',
1 verbose cli   '/usr/bin/npm',
1 verbose cli   'run',
1 verbose cli   'test:specific',
1 verbose cli   '--findRelatedTests',
1 verbose cli   'module-9/solutions/double-slider/index.spec.js',
1 verbose cli   'module-9/solutions/double-slider/jasmine.spec.js' ]
2 info using npm@3.5.2
3 info using node@v8.10.0
4 verbose run-script [ 'pretest:specific', 'test:specific', 'posttest:specific' ]
5 info lifecycle js-20200324@1.0.0~pretest:specific: js-20200324@1.0.0
6 silly lifecycle js-20200324@1.0.0~pretest:specific: no script for pretest:specific, continuing
7 info lifecycle js-20200324@1.0.0~test:specific: js-20200324@1.0.0
8 verbose lifecycle js-20200324@1.0.0~test:specific: unsafe-perm in lifecycle true
9 verbose lifecycle js-20200324@1.0.0~test:specific: PATH: /usr/share/npm/bin/node-gyp-bin:/mnt/d/learnjs/js-20200324/node_modules/.bin:/usr/local/sbin:/usr/local/bin:/usr/sbin:/usr/bin:/sbin:/bin:/usr/games:/usr/local/games:/mnt/c/Program Files/WindowsApps/CanonicalGroupLimited.UbuntuonWindows_2004.2020.424.0_x64__79rhkp1fndgsc:/mnt/c/WINDOWS/system32:/mnt/c/WINDOWS:/mnt/c/WINDOWS/System32/Wbem:/mnt/c/WINDOWS/System32/WindowsPowerShell/v1.0/:/mnt/c/WINDOWS/System32/OpenSSH/:/mnt/c/Program Files (x86)/Intel/Intel(R) Management Engine Components/DAL:/mnt/c/Program Files/Intel/Intel(R) Management Engine Components/DAL:/mnt/c/Program Files/nodejs/:/mnt/c/Program Files/MySQL/MySQL Shell 8.0/bin/:/mnt/c/Users/Валерия/AppData/Local/Microsoft/WindowsApps:/mnt/c/Users/Валерия/AppData/Roaming/npm:/snap/bin
10 verbose lifecycle js-20200324@1.0.0~test:specific: CWD: /mnt/d/learnjs/js-20200324
11 silly lifecycle js-20200324@1.0.0~test:specific: Args: [ '-c',
11 silly lifecycle   'cross-env NODE_ICU_DATA=node_modules/full-icu jest --findRelatedTests "module-9/solutions/double-slider/index.spec.js" "module-9/solutions/double-slider/jasmine.spec.js"' ]
12 silly lifecycle js-20200324@1.0.0~test:specific: Returned: code: 1  signal: null
13 info lifecycle js-20200324@1.0.0~test:specific: Failed to exec test:specific script
14 verbose stack Error: js-20200324@1.0.0 test:specific: `cross-env NODE_ICU_DATA=node_modules/full-icu jest --findRelatedTests "module-9/solutions/double-slider/index.spec.js" "module-9/solutions/double-slider/jasmine.spec.js"`
14 verbose stack Exit status 1
14 verbose stack     at EventEmitter.<anonymous> (/usr/share/npm/lib/utils/lifecycle.js:232:16)
14 verbose stack     at emitTwo (events.js:126:13)
14 verbose stack     at EventEmitter.emit (events.js:214:7)
14 verbose stack     at ChildProcess.<anonymous> (/usr/share/npm/lib/utils/spawn.js:24:14)
14 verbose stack     at emitTwo (events.js:126:13)
14 verbose stack     at ChildProcess.emit (events.js:214:7)
14 verbose stack     at maybeClose (internal/child_process.js:925:16)
14 verbose stack     at Process.ChildProcess._handle.onexit (internal/child_process.js:209:5)
15 verbose pkgid js-20200324@1.0.0
16 verbose cwd /mnt/d/learnjs/js-20200324
17 error Linux 4.4.0-18362-Microsoft
18 error argv "/usr/bin/node" "/usr/bin/npm" "run" "test:specific" "--findRelatedTests" "module-9/solutions/double-slider/index.spec.js" "module-9/solutions/double-slider/jasmine.spec.js"
19 error node v8.10.0
20 error npm  v3.5.2
21 error code ELIFECYCLE
22 error js-20200324@1.0.0 test:specific: `cross-env NODE_ICU_DATA=node_modules/full-icu jest --findRelatedTests "module-9/solutions/double-slider/index.spec.js" "module-9/solutions/double-slider/jasmine.spec.js"`
22 error Exit status 1
23 error Failed at the js-20200324@1.0.0 test:specific script 'cross-env NODE_ICU_DATA=node_modules/full-icu jest --findRelatedTests "module-9/solutions/double-slider/index.spec.js" "module-9/solutions/double-slider/jasmine.spec.js"'.
23 error Make sure you have the latest version of node.js and npm installed.
23 error If you do, this is most likely a problem with the js-20200324 package,
23 error not with npm itself.
23 error Tell the author that this fails on your system:
23 error     cross-env NODE_ICU_DATA=node_modules/full-icu jest --findRelatedTests "module-9/solutions/double-slider/index.spec.js" "module-9/solutions/double-slider/jasmine.spec.js"
23 error You can get information on how to open an issue for this project with:
23 error     npm bugs js-20200324
23 error Or if that isn't available, you can get their info via:
23 error     npm owner ls js-20200324
23 error There is likely additional logging output above.
24 verbose exit [ 1, true ]
